<?xml version="1.0" encoding="UTF-8"?>
<testng-results ignored="0" total="1" passed="1" failed="0" skipped="0">
  <reporter-output>
  </reporter-output>
  <suite started-at="2023-10-03T10:10:03 IST" name="Default suite" finished-at="2023-10-03T10:10:19 IST" duration-ms="16099">
    <groups>
    </groups>
    <test started-at="2023-10-03T10:10:03 IST" name="Default test" finished-at="2023-10-03T10:10:19 IST" duration-ms="16099">
      <class name="testngpgms.DatePicTestNG">
        <test-method is-config="true" signature="setUp()[pri:0, instance:testngpgms.DatePicTestNG@41a0aa7d]" started-at="2023-10-03T10:10:03 IST" name="setUp" finished-at="2023-10-03T10:10:13 IST" duration-ms="10142" status="PASS">
          <reporter-output>
          </reporter-output>
        </test-method> <!-- setUp -->
        <test-method signature="test()[pri:0, instance:testngpgms.DatePicTestNG@41a0aa7d]" started-at="2023-10-03T10:10:13 IST" name="test" finished-at="2023-10-03T10:10:19 IST" duration-ms="5877" status="PASS">
          <reporter-output>
          </reporter-output>
        </test-method> <!-- test -->
      </class> <!-- testngpgms.DatePicTestNG -->
    </test> <!-- Default test -->
  </suite> <!-- Default suite -->
</testng-results>
